  [1m[35m (1.1ms)[0m  [1m[34mSELECT pg_try_advisory_lock(2188563640031683740) /*application='RpCharacters'*/[0m
  [1m[36mActiveRecord::SchemaMigration Load (8.5ms)[0m  [1m[34mSELECT "schema_migrations"."version" FROM "schema_migrations" ORDER BY "schema_migrations"."version" ASC /*application='RpCharacters'*/[0m
  [1m[36mActiveRecord::InternalMetadata Load (14.3ms)[0m  [1m[34mSELECT * FROM "ar_internal_metadata" WHERE "ar_internal_metadata"."key" = 'environment' ORDER BY "ar_internal_metadata"."key" ASC LIMIT 1 /*application='RpCharacters'*/[0m
Migrating to CreateUsers (20250220141741)
  [1m[36mTRANSACTION (0.8ms)[0m  [1m[35mBEGIN /*application='RpCharacters'*/[0m
  [1m[35m (140.7ms)[0m  [1m[35mCREATE TABLE "users" ("id" bigserial primary key, "pseudonym" character varying, "photo" character varying, "created_at" timestamp(6) NOT NULL, "updated_at" timestamp(6) NOT NULL) /*application='RpCharacters'*/[0m
  [1m[36mActiveRecord::SchemaMigration Create (1.0ms)[0m  [1m[32mINSERT INTO "schema_migrations" ("version") VALUES ('20250220141741') RETURNING "version" /*application='RpCharacters'*/[0m
  [1m[36mTRANSACTION (21.1ms)[0m  [1m[35mCOMMIT /*application='RpCharacters'*/[0m
  [1m[35m (1.0ms)[0m  [1m[34mSELECT pg_advisory_unlock(2188563640031683740) /*application='RpCharacters'*/[0m
  [1m[36mActiveRecord::SchemaMigration Load (0.2ms)[0m  [1m[34mSELECT "schema_migrations"."version" FROM "schema_migrations" ORDER BY "schema_migrations"."version" ASC /*application='RpCharacters'*/[0m
Started GET "/" for 127.0.0.1 at 2025-02-20 15:18:10 +0100
  [1m[36mActiveRecord::SchemaMigration Load (1.9ms)[0m  [1m[34mSELECT "schema_migrations"."version" FROM "schema_migrations" ORDER BY "schema_migrations"."version" ASC /*application='RpCharacters'*/[0m
Processing by Rails::WelcomeController#index as HTML
  Rendering /home/debian/.rbenv/versions/3.4.1/lib/ruby/gems/3.4.0/gems/railties-8.0.1/lib/rails/templates/rails/welcome/index.html.erb
  Rendered /home/debian/.rbenv/versions/3.4.1/lib/ruby/gems/3.4.0/gems/railties-8.0.1/lib/rails/templates/rails/welcome/index.html.erb (Duration: 1.1ms | GC: 0.0ms)
Completed 200 OK in 108ms (Views: 25.7ms | ActiveRecord: 0.0ms (0 queries, 0 cached) | GC: 1.1ms)


  [1m[36mActiveRecord::SchemaMigration Load (4.8ms)[0m  [1m[34mSELECT "schema_migrations"."version" FROM "schema_migrations" ORDER BY "schema_migrations"."version" ASC /*application='RpCharacters'*/[0m
  [1m[36mActiveRecord::SchemaMigration Load (1.4ms)[0m  [1m[34mSELECT "schema_migrations"."version" FROM "schema_migrations" ORDER BY "schema_migrations"."version" ASC /*application='RpCharacters'*/[0m
  [1m[36mActiveRecord::SchemaMigration Load (1.6ms)[0m  [1m[34mSELECT "schema_migrations"."version" FROM "schema_migrations" ORDER BY "schema_migrations"."version" ASC /*application='RpCharacters'*/[0m
  [1m[36mActiveRecord::SchemaMigration Load (2.6ms)[0m  [1m[34mSELECT "schema_migrations"."version" FROM "schema_migrations" ORDER BY "schema_migrations"."version" ASC /*application='RpCharacters'*/[0m
Started GET "/users" for 127.0.0.1 at 2025-02-20 16:37:47 +0100
  [1m[36mActiveRecord::SchemaMigration Load (2.9ms)[0m  [1m[34mSELECT "schema_migrations"."version" FROM "schema_migrations" ORDER BY "schema_migrations"."version" ASC /*application='RpCharacters'*/[0m
Processing by UsersController#index as HTML
  Rendering layout layouts/application.html.erb
  Rendering users/index.html.erb within layouts/application
  [1m[36mUser Load (31.0ms)[0m  [1m[34mSELECT "users".* FROM "users" /*action='index',application='RpCharacters',controller='users'*/[0m
  ↳ app/views/users/index.html.erb:8
  Rendered users/index.html.erb within layouts/application (Duration: 42.8ms | GC: 0.0ms)
  Rendered layout layouts/application.html.erb (Duration: 108.5ms | GC: 0.0ms)
Completed 200 OK in 365ms (Views: 96.0ms | ActiveRecord: 39.5ms (1 query, 0 cached) | GC: 0.0ms)


Started GET "/assets/application-6e28fa45.css" for 127.0.0.1 at 2025-02-20 16:37:48 +0100
Started GET "/assets/application-992551b5.js" for 127.0.0.1 at 2025-02-20 16:37:48 +0100
Started GET "/assets/bootstrap.min-cdc50fbe.js" for 127.0.0.1 at 2025-02-20 16:37:48 +0100
Started GET "/assets/controllers/index-ee64e1f1.js" for 127.0.0.1 at 2025-02-20 16:37:48 +0100
Started GET "/assets/popper-2d47ff71.js" for 127.0.0.1 at 2025-02-20 16:37:48 +0100
Started GET "/users/new" for 127.0.0.1 at 2025-02-20 16:37:55 +0100
Processing by UsersController#new as HTML
  Rendering layout layouts/application.html.erb
  Rendering users/new.html.erb within layouts/application
  Rendered users/_form.html.erb (Duration: 106.1ms | GC: 3.7ms)
  Rendered users/new.html.erb within layouts/application (Duration: 108.4ms | GC: 3.7ms)
  Rendered layout layouts/application.html.erb (Duration: 112.2ms | GC: 3.7ms)
Completed 200 OK in 244ms (Views: 113.9ms | ActiveRecord: 89.6ms (0 queries, 0 cached) | GC: 4.8ms)


